<?xml version="1.0" encoding="UTF-8"?>
<!-- Generated by org.testng.reporters.JUnitReportReporter -->
<testsuite hostname="LAPTOP-84D7O3F5" failures="0" tests="1" name="irctc_Testcases.Login_Page" time="45.853" errors="0" timestamp="05 Sep 2022 11:45:40 GMT" skipped="0">
  <testcase classname="irctc_Testcases.Login_Page" name="NewUser_Registration" time="45.853"/>
</testsuite> <!-- irctc_Testcases.Login_Page -->
